<?xml version="1.0" encoding="UTF-8"?>
<!-- Generated by org.testng.reporters.JUnitReportReporter -->
<testsuite hostname="DESKTOP-192ROMA" failures="0" tests="1" name="SeleniumPackage.TestNG1" time="0.010" errors="0" timestamp="2024-05-27T01:14:53 IST" skipped="0">
  <testcase classname="SeleniumPackage.TestNG1" name="Test2" time="0.010"/>
  <system-out/>
</testsuite> <!-- SeleniumPackage.TestNG1 -->
