<?xml version="1.0" encoding="UTF-8"?>
<!-- Generated by org.testng.reporters.JUnitReportReporter -->
<testsuite hostname="DESKTOP-192ROMA" failures="0" tests="2" name="SeleniumPackage.TestNG" time="0.011" errors="0" timestamp="2024-05-27T01:18:07 IST" skipped="0">
  <testcase classname="SeleniumPackage.TestNG" name="Test1" time="0.010"/>
  <system-out/>
  <testcase classname="SeleniumPackage.TestNG" name="Test2" time="0.001"/>
  <system-out/>
</testsuite> <!-- SeleniumPackage.TestNG -->
