<?xml version="1.0" encoding="UTF-8"?>
<!-- Generated by org.testng.reporters.JUnitReportReporter -->
<testsuite hostname="DESKTOP-192ROMA" failures="0" tests="4" name="SeleniumPackage.TestNG3" time="0.012" errors="0" timestamp="2024-05-27T02:18:30 IST" skipped="0">
  <testcase classname="SeleniumPackage.TestNG3" name="a" time="0.009"/>
  <system-out/>
  <testcase classname="SeleniumPackage.TestNG3" name="c" time="0.001"/>
  <system-out/>
  <testcase classname="SeleniumPackage.TestNG3" name="d" time="0.001"/>
  <system-out/>
  <testcase classname="SeleniumPackage.TestNG3" name="b" time="0.001"/>
  <system-out/>
</testsuite> <!-- SeleniumPackage.TestNG3 -->
