<?xml version="1.0" encoding="UTF-8"?>
<!-- Generated by org.testng.reporters.JUnitReportReporter -->
<testsuite hostname="DESKTOP-192ROMA" failures="0" tests="5" name="SeleniumPackage.TestNG2" time="0.013" errors="0" timestamp="2024-05-27T01:58:04 IST" skipped="0">
  <testcase classname="SeleniumPackage.TestNG2" name="anay4" time="0.001"/>
  <system-out/>
  <testcase classname="SeleniumPackage.TestNG2" name="facebook2" time="0.001"/>
  <system-out/>
  <testcase classname="SeleniumPackage.TestNG2" name="facebook4" time="0.002"/>
  <system-out/>
  <testcase classname="SeleniumPackage.TestNG2" name="anay3" time="0.002"/>
  <system-out/>
  <testcase classname="SeleniumPackage.TestNG2" name="anay1" time="0.007"/>
  <system-out/>
</testsuite> <!-- SeleniumPackage.TestNG2 -->
